app/build/outputs/logs/manifest-merger-debug-report.txt
-- Merging decision tree log ---
manifest
ADDED from src/main/AndroidManifest.xml:2:1-82:12
INJECTED from src/main/AndroidManifest.xml:2:1-82:12
INJECTED from src/main/AndroidManifest.xml:2:1-82:12
INJECTED from src/main/AndroidManifest.xml:2:1-82:12
MERGED from [com.android.support:appcompat-v7:23.4.0] AndroidManifest.xml:17:1-27:12
MERGED from [com.android.support:animated-vector-drawable:23.4.0] AndroidManifest.xml:2:1-9:12
MERGED from [com.android.support:support-vector-drawable:23.4.0] AndroidManifest.xml:2:1-9:12
MERGED from [com.android.support:support-v4:23.4.0] AndroidManifest.xml:17:1-24:12
INJECTED from src/main/AndroidManifest.xml:2:1-82:12
INJECTED from src/main/AndroidManifest.xml:2:1-82:12
INJECTED from src/main/AndroidManifest.xml:2:1-82:12
	package
		ADDED from src/main/AndroidManifest.xml:4:5-32
		INJECTED from src/main/AndroidManifest.xml
		INJECTED from src/main/AndroidManifest.xml
	android:versionName
		ADDED from src/main/AndroidManifest.xml:6:5-30
		INJECTED from src/main/AndroidManifest.xml
		INJECTED from src/main/AndroidManifest.xml
	xmlns:uses-sdk
		ADDED from src/main/AndroidManifest.xml:3:5-61
	xmlns:android
		ADDED from src/main/AndroidManifest.xml:2:11-69
	android:versionCode
		ADDED from src/main/AndroidManifest.xml:5:5-28
		INJECTED from src/main/AndroidManifest.xml
		INJECTED from src/main/AndroidManifest.xml
uses-permission#android.permission.CALL_PHONE
ADDED from src/main/AndroidManifest.xml:8:5-85
	android:name
		ADDED from src/main/AndroidManifest.xml:8:22-66
uses-permission#android.permission.READ_PHONE_STATE
ADDED from src/main/AndroidManifest.xml:9:5-91
	android:name
		ADDED from src/main/AndroidManifest.xml:9:22-72
uses-permission#android.permission.MODIFY_PHONE_STATE
ADDED from src/main/AndroidManifest.xml:10:5-93
	android:name
		ADDED from src/main/AndroidManifest.xml:10:22-74
uses-permission#android.permission.INTERNET
ADDED from src/main/AndroidManifest.xml:11:5-83
	android:name
		ADDED from src/main/AndroidManifest.xml:11:22-64
uses-permission#android.permission.ACCESS_COARSE_LOCATION
ADDED from src/main/AndroidManifest.xml:12:5-97
	android:name
		ADDED from src/main/AndroidManifest.xml:12:22-78
uses-permission#android.permission.RECEIVE_SMS
ADDED from src/main/AndroidManifest.xml:13:5-86
	android:name
		ADDED from src/main/AndroidManifest.xml:13:22-67
uses-permission#android.permission.ACCESS_FINE_LOCATION
ADDED from src/main/AndroidManifest.xml:14:5-95
	android:name
		ADDED from src/main/AndroidManifest.xml:14:22-76
uses-permission#android.permission.SEND_SMS
ADDED from src/main/AndroidManifest.xml:15:5-83
	android:name
		ADDED from src/main/AndroidManifest.xml:15:22-64
uses-permission#android.permission.RECEIVE_BOOT_COMPLETED
ADDED from src/main/AndroidManifest.xml:16:5-97
	android:name
		ADDED from src/main/AndroidManifest.xml:16:22-78
uses-sdk
ADDED from src/main/AndroidManifest.xml:18:1-39
MERGED from [com.android.support:appcompat-v7:23.4.0] AndroidManifest.xml:21:5-23:78
MERGED from [com.android.support:appcompat-v7:23.4.0] AndroidManifest.xml:21:5-23:78
MERGED from [com.android.support:animated-vector-drawable:23.4.0] AndroidManifest.xml:5:5-44
MERGED from [com.android.support:animated-vector-drawable:23.4.0] AndroidManifest.xml:5:5-44
MERGED from [com.android.support:support-vector-drawable:23.4.0] AndroidManifest.xml:5:5-43
MERGED from [com.android.support:support-vector-drawable:23.4.0] AndroidManifest.xml:5:5-43
MERGED from [com.android.support:support-v4:23.4.0] AndroidManifest.xml:20:5-43
MERGED from [com.android.support:support-v4:23.4.0] AndroidManifest.xml:20:5-43
	tools:overrideLibrary
		ADDED from [com.android.support:appcompat-v7:23.4.0] AndroidManifest.xml:23:9-75
	android:minSdkVersion
		ADDED from src/main/AndroidManifest.xml:18:11-37
application
ADDED from src/main/AndroidManifest.xml:19:5-79:19
MERGED from [com.android.support:appcompat-v7:23.4.0] AndroidManifest.xml:25:5-20
MERGED from [com.android.support:appcompat-v7:23.4.0] AndroidManifest.xml:25:5-20
MERGED from [com.android.support:animated-vector-drawable:23.4.0] AndroidManifest.xml:7:5-20
MERGED from [com.android.support:animated-vector-drawable:23.4.0] AndroidManifest.xml:7:5-20
MERGED from [com.android.support:support-vector-drawable:23.4.0] AndroidManifest.xml:7:5-20
MERGED from [com.android.support:support-vector-drawable:23.4.0] AndroidManifest.xml:7:5-20
MERGED from [com.android.support:support-v4:23.4.0] AndroidManifest.xml:22:5-20
MERGED from [com.android.support:support-v4:23.4.0] AndroidManifest.xml:22:5-20
	android:label
		ADDED from src/main/AndroidManifest.xml:21:9-41
	android:icon
		ADDED from src/main/AndroidManifest.xml:20:9-38
activity#rohit.tracker.app.SlashScreen
ADDED from src/main/AndroidManifest.xml:22:9-29:20
	android:label
		ADDED from src/main/AndroidManifest.xml:24:13-45
	android:name
		ADDED from src/main/AndroidManifest.xml:23:13-40
intent-filter#action:name:android.intent.action.MAIN+category:name:android.intent.category.LAUNCHER
ADDED from src/main/AndroidManifest.xml:25:13-28:29
action#android.intent.action.MAIN
ADDED from src/main/AndroidManifest.xml:26:17-69
	android:name
		ADDED from src/main/AndroidManifest.xml:26:25-66
category#android.intent.category.LAUNCHER
ADDED from src/main/AndroidManifest.xml:27:17-77
	android:name
		ADDED from src/main/AndroidManifest.xml:27:27-74
receiver#rohit.tracker.app.CallBlockerBroadcast
ADDED from src/main/AndroidManifest.xml:31:9-36:20
	android:name
		ADDED from src/main/AndroidManifest.xml:31:19-55
intent-filter#action:name:android.intent.action.PHONE_STATE
ADDED from src/main/AndroidManifest.xml:32:13-35:29
	android:priority
		ADDED from src/main/AndroidManifest.xml:32:28-56
action#android.intent.action.PHONE_STATE
ADDED from src/main/AndroidManifest.xml:33:17-76
	android:name
		ADDED from src/main/AndroidManifest.xml:33:25-73
receiver#rohit.tracker.app.SMSBlockerBroadcast
ADDED from src/main/AndroidManifest.xml:38:9-42:20
	android:name
		ADDED from src/main/AndroidManifest.xml:38:19-54
intent-filter#action:name:android.provider.Telephony.SMS_RECEIVED
ADDED from src/main/AndroidManifest.xml:39:13-41:29
	android:priority
		ADDED from src/main/AndroidManifest.xml:39:28-56
action#android.provider.Telephony.SMS_RECEIVED
ADDED from src/main/AndroidManifest.xml:40:17-82
	android:name
		ADDED from src/main/AndroidManifest.xml:40:25-79
receiver#rohit.tracker.app.AutoStartBroadcast
ADDED from src/main/AndroidManifest.xml:43:9-47:20
	android:name
		ADDED from src/main/AndroidManifest.xml:43:19-53
intent-filter#action:name:android.intent.action.BOOT_COMPLETED
ADDED from src/main/AndroidManifest.xml:44:13-46:29
action#android.intent.action.BOOT_COMPLETED
ADDED from src/main/AndroidManifest.xml:45:17-79
	android:name
		ADDED from src/main/AndroidManifest.xml:45:25-76
service#rohit.tracker.app.CallListenerService
ADDED from src/main/AndroidManifest.xml:50:9-52:38
	android:enabled
		ADDED from src/main/AndroidManifest.xml:52:13-35
	android:name
		ADDED from src/main/AndroidManifest.xml:51:13-48
activity#rohit.tracker.app.MainActivity
ADDED from src/main/AndroidManifest.xml:54:9-56:48
	android:label
		ADDED from src/main/AndroidManifest.xml:56:13-45
	android:name
		ADDED from src/main/AndroidManifest.xml:55:13-41
activity#rohit.tracker.app.SMSBlockerActivity
ADDED from src/main/AndroidManifest.xml:57:9-59:48
	android:label
		ADDED from src/main/AndroidManifest.xml:59:13-45
	android:name
		ADDED from src/main/AndroidManifest.xml:58:13-47
activity#rohit.tracker.app.CallBlockerActivity
ADDED from src/main/AndroidManifest.xml:60:9-62:48
	android:label
		ADDED from src/main/AndroidManifest.xml:62:13-45
	android:name
		ADDED from src/main/AndroidManifest.xml:61:13-48
activity#rohit.tracker.app.EditBlackList
ADDED from src/main/AndroidManifest.xml:64:9-66:48
	android:label
		ADDED from src/main/AndroidManifest.xml:66:13-45
	android:name
		ADDED from src/main/AndroidManifest.xml:65:13-42
activity#rohit.tracker.app.EditWhiteList
ADDED from src/main/AndroidManifest.xml:67:9-69:48
	android:label
		ADDED from src/main/AndroidManifest.xml:69:13-45
	android:name
		ADDED from src/main/AndroidManifest.xml:68:13-42
activity#rohit.tracker.app.SMSEditBlackList
ADDED from src/main/AndroidManifest.xml:70:9-72:48
	android:label
		ADDED from src/main/AndroidManifest.xml:72:13-45
	android:name
		ADDED from src/main/AndroidManifest.xml:71:13-45
activity#rohit.tracker.app.SMSEditWhiteList
ADDED from src/main/AndroidManifest.xml:73:9-75:48
	android:label
		ADDED from src/main/AndroidManifest.xml:75:13-45
	android:name
		ADDED from src/main/AndroidManifest.xml:74:13-45
activity#rohit.tracker.app.TrackerActivity
ADDED from src/main/AndroidManifest.xml:76:9-78:48
	android:label
		ADDED from src/main/AndroidManifest.xml:78:13-45
	android:name
		ADDED from src/main/AndroidManifest.xml:77:13-44